2025-12-19 13:13:52 INFO  baseUiTest:21 - Starting test setup
2025-12-19 13:13:52 INFO  baseUiTest:21 - Starting test setup
2025-12-19 13:13:52 INFO  baseUiTest:21 - Starting test setup
2025-12-19 13:14:05 INFO  FormFillUsingUIandAPI:27 - fillFormUsingJson test started
2025-12-19 13:14:05 INFO  Login:21 - Login test started
2025-12-19 13:14:05 INFO  selectButtons:18 - selectButtons test started
2025-12-19 13:14:15 INFO  baseUiTest:37 - Closing browser
2025-12-19 13:14:16 INFO  baseUiTest:37 - Closing browser
2025-12-19 13:14:29 INFO  baseUiTest:37 - Closing browser
2025-12-21 15:18:22 INFO  baseUiTest:21 - Starting test setup
2025-12-21 15:18:22 INFO  baseUiTest:21 - Starting test setup
2025-12-21 15:18:22 INFO  baseUiTest:21 - Starting test setup
2025-12-21 15:18:39 INFO  FormFillUsingUIandAPI:27 - fillFormUsingJson test started
2025-12-21 15:18:39 INFO  selectButtons:18 - selectButtons test started
2025-12-21 15:18:39 INFO  Login:22 - Login test started
2025-12-21 15:18:45 INFO  baseUiTest:37 - Closing browser
2025-12-21 15:19:04 INFO  baseUiTest:37 - Closing browser
2025-12-21 15:20:50 INFO  baseUiTest:21 - Starting test setup
2025-12-21 15:20:50 INFO  baseUiTest:21 - Starting test setup
2025-12-21 15:20:50 INFO  baseUiTest:21 - Starting test setup
2025-12-21 15:21:01 INFO  FormFillUsingUIandAPI:27 - fillFormUsingJson test started
2025-12-21 15:21:18 INFO  Login:22 - Login test started
2025-12-21 15:21:20 INFO  selectButtons:18 - selectButtons test started
2025-12-21 15:21:21 INFO  baseUiTest:37 - Closing browser
2025-12-21 15:21:22 INFO  baseUiTest:37 - Closing browser
2025-12-21 15:36:38 INFO  baseUiTest:21 - Starting test setup
2025-12-21 15:36:47 INFO  Login:22 - Login test started
2025-12-21 19:35:08 INFO  baseUiTest:21 - Starting test setup
2025-12-21 19:35:16 INFO  Login:22 - Login test started
2025-12-22 12:27:18 INFO  baseUiTest:21 - Starting test setup
2025-12-22 13:22:33 INFO  baseUiTest:21 - Starting test setup
2025-12-22 13:22:45 INFO  Login:22 - Login test started
2025-12-22 13:22:46 INFO  baseUiTest:37 - Closing browser
2025-12-22 14:37:23 INFO  baseUiTest:21 - Starting test setup
2025-12-22 14:37:35 INFO  Login:22 - Login test started
2025-12-22 14:37:36 INFO  baseUiTest:37 - Closing browser
2025-12-22 15:08:12 INFO  baseUiTest:21 - Starting test setup
2025-12-22 15:08:23 INFO  Login:22 - Login test started
2025-12-22 15:08:32 INFO  baseUiTest:37 - Closing browser
2025-12-22 15:09:10 INFO  baseUiTest:21 - Starting test setup
2025-12-22 15:09:20 INFO  Login:22 - Login test started
2025-12-22 15:09:31 INFO  baseUiTest:37 - Closing browser
2025-12-22 15:09:54 INFO  baseUiTest:21 - Starting test setup
2025-12-22 15:10:03 INFO  Login:22 - Login test started
2025-12-22 15:10:11 INFO  baseUiTest:37 - Closing browser
2025-12-22 15:13:50 INFO  baseUiTest:21 - Starting test setup
2025-12-22 15:14:00 INFO  Login:22 - Login test started
2025-12-22 15:14:08 INFO  baseUiTest:37 - Closing browser
2025-12-24 21:44:12 INFO  baseUiTest:48 - Starting test setup
2025-12-24 21:44:26 INFO  Login:21 - Login test started
2025-12-24 21:44:44 INFO  baseUiTest:104 - Closing browser
2025-12-24 21:44:44 INFO  baseUiTest:48 - Starting test setup
2025-12-24 21:44:55 INFO  selectButtons:18 - selectButtons test started
2025-12-24 21:44:59 INFO  baseUiTest:104 - Closing browser
2025-12-24 21:44:59 INFO  baseUiTest:48 - Starting test setup
2025-12-24 21:45:06 INFO  FormFillUsingUIandAPI:27 - fillFormUsingJson test started
2025-12-24 21:45:28 INFO  baseUiTest:104 - Closing browser
2025-12-25 15:00:56 INFO  baseUiTest:48 - Starting test setup
2025-12-25 15:01:13 INFO  Login:21 - Login test started
2025-12-25 15:01:32 INFO  baseUiTest:104 - Closing browser
2025-12-25 15:01:32 INFO  baseUiTest:48 - Starting test setup
2025-12-25 15:01:40 INFO  selectButtons:18 - selectButtons test started
2025-12-25 15:01:44 INFO  baseUiTest:104 - Closing browser
2025-12-25 15:01:44 INFO  baseUiTest:48 - Starting test setup
2025-12-25 15:01:50 INFO  FormFillUsingUIandAPI:27 - fillFormUsingJson test started
2025-12-25 15:01:57 INFO  FormFillUsingUIandAPI:49 - Form submitted successfully
2025-12-25 15:02:16 INFO  FormFillUsingUIandAPI:49 - Form submitted successfully
2025-12-25 15:02:17 INFO  baseUiTest:104 - Closing browser
2025-12-25 16:19:49 INFO  baseUiTest:48 - Starting test setup
2025-12-25 16:20:04 INFO  Login:23 - Login test started
2025-12-25 16:20:20 INFO  baseUiTest:66 - Closing browser
2025-12-25 16:20:21 INFO  baseUiTest:48 - Starting test setup
2025-12-25 16:20:28 INFO  selectButtons:18 - selectButtons test started
2025-12-25 16:20:31 INFO  baseUiTest:66 - Closing browser
2025-12-25 16:20:31 INFO  baseUiTest:48 - Starting test setup
2025-12-25 16:20:38 INFO  FormFillUsingUIandAPI:27 - fillFormUsingJson test started
2025-12-25 16:20:45 INFO  FormFillUsingUIandAPI:49 - Form submitted successfully
2025-12-25 16:21:01 INFO  FormFillUsingUIandAPI:49 - Form submitted successfully
2025-12-25 16:21:02 INFO  baseUiTest:66 - Closing browser
2025-12-26 16:20:21 INFO  baseUiTest:48 - Starting test setup
2025-12-26 16:20:37 INFO  Login:23 - Login test started
2025-12-26 16:20:49 INFO  baseUiTest:66 - Closing browser
2025-12-26 16:20:49 INFO  baseUiTest:48 - Starting test setup
2025-12-26 16:20:58 INFO  selectButtons:18 - selectButtons test started
2025-12-26 16:21:01 INFO  baseUiTest:66 - Closing browser
2025-12-26 16:21:01 INFO  baseUiTest:48 - Starting test setup
2025-12-26 16:21:09 INFO  FormFillUsingUIandAPI:27 - fillFormUsingJson test started
2025-12-26 16:21:15 INFO  FormFillUsingUIandAPI:49 - Form submitted successfully
2025-12-26 16:21:28 INFO  FormFillUsingUIandAPI:49 - Form submitted successfully
2025-12-26 16:21:30 INFO  baseUiTest:66 - Closing browser
2025-12-26 16:25:18 INFO  baseUiTest:48 - Starting test setup
2025-12-26 16:25:40 INFO  baseUiTest:66 - Closing browser
2025-12-26 16:25:40 INFO  baseUiTest:48 - Starting test setup
2025-12-26 16:25:56 INFO  baseUiTest:66 - Closing browser
2025-12-26 16:25:56 INFO  baseUiTest:48 - Starting test setup
2025-12-26 16:26:09 INFO  baseUiTest:66 - Closing browser
2025-12-26 16:26:59 INFO  baseUiTest:48 - Starting test setup
2025-12-26 16:27:17 INFO  baseUiTest:66 - Closing browser
2025-12-26 16:27:17 INFO  baseUiTest:48 - Starting test setup
2025-12-26 16:27:31 INFO  baseUiTest:66 - Closing browser
2025-12-26 16:27:31 INFO  baseUiTest:48 - Starting test setup
2025-12-26 16:27:44 INFO  baseUiTest:66 - Closing browser
2025-12-26 16:38:41 INFO  baseUiTest:48 - Starting test setup
2025-12-26 16:38:57 INFO  Login:23 - Login test started
2025-12-26 16:39:12 INFO  baseUiTest:66 - Closing browser
2025-12-26 16:39:12 INFO  baseUiTest:48 - Starting test setup
2025-12-26 16:39:23 INFO  selectButtons:18 - selectButtons test started
2025-12-26 16:39:31 INFO  baseUiTest:66 - Closing browser
2025-12-26 16:39:31 INFO  baseUiTest:48 - Starting test setup
2025-12-26 16:39:40 INFO  FormFillUsingUIandAPI:27 - fillFormUsingJson test started
2025-12-26 16:39:47 INFO  FormFillUsingUIandAPI:49 - Form submitted successfully
2025-12-26 16:39:59 INFO  FormFillUsingUIandAPI:49 - Form submitted successfully
2025-12-26 16:40:02 INFO  baseUiTest:66 - Closing browser
2025-12-26 16:52:20 INFO  baseUiTest:52 - Starting test setup
2025-12-26 16:52:36 INFO  Login:23 - Login test started
2025-12-26 16:52:49 INFO  baseUiTest:70 - Closing browser
2025-12-26 16:52:50 INFO  baseUiTest:52 - Starting test setup
2025-12-26 16:52:59 INFO  selectButtons:18 - selectButtons test started
2025-12-26 16:53:06 INFO  baseUiTest:70 - Closing browser
2025-12-26 16:53:06 INFO  baseUiTest:52 - Starting test setup
2025-12-26 16:53:15 INFO  FormFillUsingUIandAPI:27 - fillFormUsingJson test started
2025-12-26 16:53:24 INFO  FormFillUsingUIandAPI:49 - Form submitted successfully
2025-12-26 16:53:36 INFO  FormFillUsingUIandAPI:49 - Form submitted successfully
2025-12-26 16:53:39 INFO  baseUiTest:70 - Closing browser
2025-12-26 16:57:57 INFO  baseUiTest:52 - Starting test setup
2025-12-26 16:58:10 INFO  Login:23 - Login test started
2025-12-26 16:58:23 INFO  baseUiTest:70 - Closing browser
2025-12-26 16:58:23 INFO  baseUiTest:52 - Starting test setup
2025-12-26 16:58:30 INFO  selectButtons:18 - selectButtons test started
2025-12-26 16:58:34 INFO  baseUiTest:70 - Closing browser
2025-12-26 16:58:34 INFO  baseUiTest:52 - Starting test setup
2025-12-26 16:58:40 INFO  FormFillUsingUIandAPI:27 - fillFormUsingJson test started
2025-12-26 16:58:46 INFO  FormFillUsingUIandAPI:49 - Form submitted successfully
2025-12-26 16:58:59 INFO  FormFillUsingUIandAPI:49 - Form submitted successfully
2025-12-26 16:59:01 INFO  baseUiTest:70 - Closing browser
2025-12-27 12:49:23 INFO  baseUiTest:52 - Starting test setup
2025-12-27 12:49:42 INFO  Login:23 - Login test started
2025-12-27 12:49:53 INFO  baseUiTest:70 - Closing browser
2025-12-27 12:49:53 INFO  baseUiTest:52 - Starting test setup
2025-12-27 12:50:02 INFO  selectButtons:18 - selectButtons test started
2025-12-27 12:50:06 INFO  baseUiTest:70 - Closing browser
2025-12-27 12:50:06 INFO  baseUiTest:52 - Starting test setup
2025-12-27 12:50:12 INFO  FormFillUsingUIandAPI:27 - fillFormUsingJson test started
2025-12-27 12:50:20 INFO  FormFillUsingUIandAPI:49 - Form submitted successfully
2025-12-27 12:50:32 INFO  FormFillUsingUIandAPI:49 - Form submitted successfully
2025-12-27 12:50:34 INFO  baseUiTest:70 - Closing browser
2025-12-27 12:54:06 INFO  baseUiTest:52 - Starting test setup
2025-12-27 12:54:17 INFO  Login:23 - Login test started
2025-12-27 12:54:28 INFO  baseUiTest:70 - Closing browser
2025-12-27 12:54:28 INFO  baseUiTest:52 - Starting test setup
2025-12-27 12:54:35 INFO  selectButtons:18 - selectButtons test started
2025-12-27 12:54:40 INFO  baseUiTest:70 - Closing browser
2025-12-27 12:54:40 INFO  baseUiTest:52 - Starting test setup
2025-12-27 12:54:46 INFO  FormFillUsingUIandAPI:27 - fillFormUsingJson test started
2025-12-27 12:54:53 INFO  FormFillUsingUIandAPI:49 - Form submitted successfully
2025-12-27 12:55:07 INFO  FormFillUsingUIandAPI:49 - Form submitted successfully
2025-12-27 12:55:08 INFO  baseUiTest:70 - Closing browser
2025-12-27 12:56:15 INFO  baseUiTest:52 - Starting test setup
2025-12-27 12:56:25 INFO  Login:23 - Login test started
2025-12-27 12:56:33 INFO  baseUiTest:70 - Closing browser
2025-12-27 12:56:33 INFO  baseUiTest:52 - Starting test setup
2025-12-27 12:56:39 INFO  selectButtons:18 - selectButtons test started
2025-12-27 12:56:41 INFO  baseUiTest:70 - Closing browser
2025-12-27 12:56:41 INFO  baseUiTest:52 - Starting test setup
2025-12-27 12:56:50 INFO  FormFillUsingUIandAPI:27 - fillFormUsingJson test started
2025-12-27 12:56:59 INFO  FormFillUsingUIandAPI:49 - Form submitted successfully
2025-12-27 12:57:16 INFO  FormFillUsingUIandAPI:49 - Form submitted successfully
2025-12-27 12:57:17 INFO  baseUiTest:70 - Closing browser
2025-12-27 13:03:07 INFO  baseUiTest:52 - Starting test setup
2025-12-27 13:03:18 INFO  Login:23 - Login test started
2025-12-27 13:03:26 INFO  baseUiTest:70 - Closing browser
2025-12-27 13:03:26 INFO  baseUiTest:52 - Starting test setup
2025-12-27 13:03:33 INFO  selectButtons:18 - selectButtons test started
2025-12-27 13:03:36 INFO  baseUiTest:70 - Closing browser
2025-12-27 13:03:36 INFO  baseUiTest:52 - Starting test setup
2025-12-27 13:03:43 INFO  FormFillUsingUIandAPI:27 - fillFormUsingJson test started
2025-12-27 13:03:51 INFO  FormFillUsingUIandAPI:49 - Form submitted successfully
2025-12-27 13:04:06 INFO  FormFillUsingUIandAPI:49 - Form submitted successfully
2025-12-27 13:04:07 INFO  baseUiTest:70 - Closing browser
2025-12-27 13:06:21 INFO  baseUiTest:52 - Starting test setup
2025-12-27 13:06:32 INFO  Login:23 - Login test started
2025-12-27 13:06:40 INFO  baseUiTest:70 - Closing browser
2025-12-27 13:06:40 INFO  baseUiTest:52 - Starting test setup
2025-12-27 13:06:46 INFO  selectButtons:18 - selectButtons test started
2025-12-27 13:06:49 INFO  baseUiTest:70 - Closing browser
2025-12-27 13:06:49 INFO  baseUiTest:52 - Starting test setup
2025-12-27 13:06:56 INFO  FormFillUsingUIandAPI:27 - fillFormUsingJson test started
2025-12-27 13:07:02 INFO  FormFillUsingUIandAPI:49 - Form submitted successfully
2025-12-27 13:07:17 INFO  FormFillUsingUIandAPI:49 - Form submitted successfully
2025-12-27 13:07:19 INFO  baseUiTest:70 - Closing browser
2025-12-27 13:09:38 INFO  baseUiTest:52 - Starting test setup
2025-12-27 13:09:48 INFO  Login:23 - Login test started
2025-12-27 13:10:03 INFO  baseUiTest:70 - Closing browser
2025-12-27 13:10:03 INFO  baseUiTest:52 - Starting test setup
2025-12-27 13:10:09 INFO  selectButtons:18 - selectButtons test started
2025-12-27 13:10:12 INFO  baseUiTest:70 - Closing browser
2025-12-27 13:10:12 INFO  baseUiTest:52 - Starting test setup
2025-12-27 13:10:19 INFO  FormFillUsingUIandAPI:27 - fillFormUsingJson test started
2025-12-27 13:10:25 INFO  FormFillUsingUIandAPI:49 - Form submitted successfully
2025-12-27 13:10:38 INFO  FormFillUsingUIandAPI:49 - Form submitted successfully
2025-12-27 13:10:40 INFO  baseUiTest:70 - Closing browser
2025-12-27 13:13:45 INFO  baseUiTest:52 - Starting test setup
2025-12-27 13:13:55 INFO  Login:23 - Login test started
2025-12-27 13:14:05 INFO  baseUiTest:70 - Closing browser
2025-12-27 13:14:06 INFO  baseUiTest:52 - Starting test setup
2025-12-27 13:14:12 INFO  selectButtons:18 - selectButtons test started
2025-12-27 13:14:15 INFO  baseUiTest:70 - Closing browser
2025-12-27 13:14:15 INFO  baseUiTest:52 - Starting test setup
2025-12-27 13:14:21 INFO  FormFillUsingUIandAPI:27 - fillFormUsingJson test started
2025-12-27 13:14:28 INFO  FormFillUsingUIandAPI:49 - Form submitted successfully
2025-12-27 13:14:41 INFO  FormFillUsingUIandAPI:49 - Form submitted successfully
2025-12-27 13:14:42 INFO  baseUiTest:70 - Closing browser
2025-12-27 13:16:06 INFO  baseUiTest:52 - Starting test setup
2025-12-27 13:19:38 INFO  baseUiTest:52 - Starting test setup
2025-12-27 13:19:49 INFO  Login:23 - Login test started
2025-12-27 13:20:00 INFO  baseUiTest:70 - Closing browser
2025-12-27 13:20:00 INFO  baseUiTest:52 - Starting test setup
2025-12-27 13:20:13 INFO  selectButtons:18 - selectButtons test started
2025-12-27 13:20:17 INFO  baseUiTest:70 - Closing browser
2025-12-27 13:20:17 INFO  baseUiTest:52 - Starting test setup
2025-12-27 13:20:24 INFO  FormFillUsingUIandAPI:27 - fillFormUsingJson test started
2025-12-27 13:21:03 INFO  FormFillUsingUIandAPI:49 - Form submitted successfully
2025-12-27 13:21:17 INFO  FormFillUsingUIandAPI:49 - Form submitted successfully
2025-12-27 13:21:19 INFO  baseUiTest:70 - Closing browser
2025-12-27 13:23:18 INFO  baseUiTest:52 - Starting test setup
2025-12-27 13:23:31 INFO  Login:23 - Login test started
2025-12-27 13:23:46 INFO  baseUiTest:70 - Closing browser
2025-12-27 13:23:46 INFO  baseUiTest:52 - Starting test setup
2025-12-27 13:23:54 INFO  selectButtons:18 - selectButtons test started
2025-12-27 13:24:01 INFO  baseUiTest:70 - Closing browser
2025-12-27 13:24:01 INFO  baseUiTest:52 - Starting test setup
2025-12-27 13:24:09 INFO  FormFillUsingUIandAPI:27 - fillFormUsingJson test started
2025-12-27 13:24:16 INFO  FormFillUsingUIandAPI:49 - Form submitted successfully
2025-12-27 13:24:28 INFO  FormFillUsingUIandAPI:49 - Form submitted successfully
2025-12-27 13:24:30 INFO  baseUiTest:70 - Closing browser
2025-12-27 13:26:40 INFO  baseUiTest:52 - Starting test setup
2025-12-27 13:26:53 INFO  Login:23 - Login test started
2025-12-27 13:27:04 INFO  baseUiTest:70 - Closing browser
2025-12-27 13:27:04 INFO  baseUiTest:52 - Starting test setup
2025-12-27 13:27:11 INFO  selectButtons:18 - selectButtons test started
2025-12-27 13:27:15 INFO  baseUiTest:70 - Closing browser
2025-12-27 13:27:15 INFO  baseUiTest:52 - Starting test setup
2025-12-27 13:27:22 INFO  FormFillUsingUIandAPI:27 - fillFormUsingJson test started
2025-12-27 13:27:29 INFO  FormFillUsingUIandAPI:49 - Form submitted successfully
2025-12-27 13:27:43 INFO  FormFillUsingUIandAPI:49 - Form submitted successfully
2025-12-27 13:27:45 INFO  baseUiTest:70 - Closing browser
2025-12-27 16:48:05 INFO  baseUiTest:52 - Starting test setup
2025-12-27 16:48:18 INFO  Login:23 - Login test started
2025-12-27 16:48:28 INFO  baseUiTest:70 - Closing browser
2025-12-27 16:48:28 INFO  baseUiTest:52 - Starting test setup
2025-12-27 16:48:36 INFO  selectButtons:18 - selectButtons test started
2025-12-27 16:48:39 INFO  baseUiTest:70 - Closing browser
2025-12-27 16:48:39 INFO  baseUiTest:52 - Starting test setup
2025-12-27 16:48:47 INFO  FormFillUsingUIandAPI:27 - fillFormUsingJson test started
2025-12-27 16:48:53 INFO  FormFillUsingUIandAPI:49 - Form submitted successfully
2025-12-27 16:49:05 INFO  FormFillUsingUIandAPI:49 - Form submitted successfully
2025-12-27 16:49:07 INFO  baseUiTest:70 - Closing browser
2025-12-27 17:00:08 INFO  baseUiTest:52 - Starting test setup
2025-12-27 17:00:21 INFO  Login:23 - Login test started
2025-12-27 17:00:34 INFO  baseUiTest:70 - Closing browser
2025-12-27 17:00:34 INFO  baseUiTest:52 - Starting test setup
2025-12-27 17:00:42 INFO  selectButtons:18 - selectButtons test started
2025-12-27 17:00:45 INFO  baseUiTest:70 - Closing browser
2025-12-27 17:00:45 INFO  baseUiTest:52 - Starting test setup
2025-12-27 17:00:53 INFO  FormFillUsingUIandAPI:27 - fillFormUsingJson test started
2025-12-27 17:00:59 INFO  FormFillUsingUIandAPI:49 - Form submitted successfully
2025-12-27 17:01:11 INFO  FormFillUsingUIandAPI:49 - Form submitted successfully
2025-12-27 17:01:13 INFO  baseUiTest:70 - Closing browser
2025-12-28 15:04:19 INFO  baseUiTest:52 - Starting test setup
2025-12-28 15:04:19 INFO  baseUiTest:52 - Starting test setup
2025-12-28 15:04:19 INFO  baseUiTest:52 - Starting test setup
2025-12-28 15:04:36 INFO  Login:23 - Login test started
2025-12-28 15:04:36 INFO  selectButtons:18 - selectButtons test started
2025-12-28 15:04:40 INFO  FormFillUsingUIandAPI:27 - fillFormUsingJson test started
2025-12-28 15:04:49 INFO  baseUiTest:70 - Closing browser
2025-12-28 15:04:50 INFO  FormFillUsingUIandAPI:49 - Form submitted successfully
2025-12-28 15:05:00 INFO  baseUiTest:70 - Closing browser
2025-12-28 15:05:03 INFO  FormFillUsingUIandAPI:49 - Form submitted successfully
2025-12-28 15:05:05 INFO  baseUiTest:70 - Closing browser
2025-12-31 15:00:39 INFO  baseUiTest:52 - Starting test setup
2025-12-31 15:00:39 INFO  baseUiTest:52 - Starting test setup
2025-12-31 15:00:39 INFO  baseUiTest:52 - Starting test setup
2025-12-31 15:01:02 INFO  baseUiTest:70 - Closing browser
2025-12-31 15:01:02 INFO  baseUiTest:70 - Closing browser
2025-12-31 15:01:02 INFO  baseUiTest:70 - Closing browser
2025-12-31 15:13:11 INFO  baseUiTest:52 - Starting test setup
2025-12-31 15:13:11 INFO  baseUiTest:52 - Starting test setup
2025-12-31 15:13:11 INFO  baseUiTest:52 - Starting test setup
2025-12-31 15:13:29 INFO  baseUiTest:70 - Closing browser
2025-12-31 15:13:30 INFO  baseUiTest:70 - Closing browser
2025-12-31 15:13:30 INFO  baseUiTest:70 - Closing browser
2025-12-31 15:14:12 INFO  baseUiTest:52 - Starting test setup
2025-12-31 15:14:12 INFO  baseUiTest:52 - Starting test setup
2025-12-31 15:14:12 INFO  baseUiTest:52 - Starting test setup
2025-12-31 15:14:29 INFO  baseUiTest:70 - Closing browser
2025-12-31 15:14:29 INFO  baseUiTest:70 - Closing browser
2025-12-31 15:14:29 INFO  baseUiTest:70 - Closing browser
2025-12-31 15:15:42 INFO  baseUiTest:52 - Starting test setup
2025-12-31 15:15:42 INFO  baseUiTest:52 - Starting test setup
2025-12-31 15:15:42 INFO  baseUiTest:52 - Starting test setup
2025-12-31 16:18:49 INFO  baseUiTest:52 - Starting test setup
2025-12-31 16:18:49 INFO  baseUiTest:52 - Starting test setup
2025-12-31 16:18:49 INFO  baseUiTest:52 - Starting test setup
2025-12-31 16:56:06 INFO  baseUiTest:52 - Starting test setup
2025-12-31 16:56:06 INFO  baseUiTest:52 - Starting test setup
2025-12-31 16:56:06 INFO  baseUiTest:52 - Starting test setup
2025-12-31 16:56:29 INFO  baseUiTest:70 - Closing browser
2025-12-31 16:56:29 INFO  baseUiTest:70 - Closing browser
2025-12-31 16:56:29 INFO  baseUiTest:70 - Closing browser
2026-01-03 16:02:27 INFO  baseUiTest:52 - Starting test setup
2026-01-03 16:02:27 INFO  baseUiTest:52 - Starting test setup
2026-01-03 16:02:27 INFO  baseUiTest:52 - Starting test setup
2026-01-03 16:08:26 INFO  baseUiTest:70 - Closing browser
2026-01-03 16:20:57 INFO  baseUiTest:52 - Starting test setup
2026-01-03 16:20:57 INFO  baseUiTest:52 - Starting test setup
2026-01-03 16:20:57 INFO  baseUiTest:52 - Starting test setup
2026-01-03 16:21:17 INFO  baseUiTest:70 - Closing browser
2026-01-03 16:21:17 INFO  baseUiTest:70 - Closing browser
2026-01-03 16:21:18 INFO  baseUiTest:70 - Closing browser
2026-01-03 16:28:55 INFO  baseUiTest:52 - Starting test setup
2026-01-03 16:28:55 INFO  baseUiTest:52 - Starting test setup
2026-01-03 16:28:55 INFO  baseUiTest:52 - Starting test setup
2026-01-03 16:29:13 INFO  baseUiTest:70 - Closing browser
2026-01-03 16:29:13 INFO  baseUiTest:70 - Closing browser
2026-01-03 16:29:13 INFO  baseUiTest:70 - Closing browser
2026-01-03 16:45:04 INFO  baseUiTest:52 - Starting test setup
2026-01-03 16:45:04 INFO  baseUiTest:52 - Starting test setup
2026-01-03 16:45:04 INFO  baseUiTest:52 - Starting test setup
2026-01-03 16:45:22 INFO  baseUiTest:70 - Closing browser
2026-01-03 16:45:22 INFO  baseUiTest:70 - Closing browser
2026-01-03 16:45:22 INFO  baseUiTest:70 - Closing browser
2026-01-03 16:57:20 INFO  baseUiTest:52 - Starting test setup
2026-01-03 16:57:20 INFO  baseUiTest:52 - Starting test setup
2026-01-03 16:57:20 INFO  baseUiTest:52 - Starting test setup
2026-01-03 16:57:40 INFO  baseUiTest:70 - Closing browser
2026-01-03 16:57:40 INFO  baseUiTest:70 - Closing browser
2026-01-03 16:57:40 INFO  baseUiTest:70 - Closing browser
2026-01-03 17:07:27 INFO  baseUiTest:52 - Starting test setup
2026-01-03 17:07:27 INFO  baseUiTest:52 - Starting test setup
2026-01-03 17:07:27 INFO  baseUiTest:52 - Starting test setup
2026-01-03 17:07:45 INFO  baseUiTest:70 - Closing browser
2026-01-03 17:07:45 INFO  baseUiTest:70 - Closing browser
2026-01-03 17:07:45 INFO  baseUiTest:70 - Closing browser
2026-01-03 17:10:35 INFO  baseUiTest:52 - Starting test setup
2026-01-03 17:10:35 INFO  baseUiTest:52 - Starting test setup
2026-01-03 17:10:35 INFO  baseUiTest:52 - Starting test setup
2026-01-03 17:10:52 INFO  baseUiTest:70 - Closing browser
2026-01-03 17:10:52 INFO  baseUiTest:70 - Closing browser
2026-01-03 17:10:52 INFO  baseUiTest:70 - Closing browser
2026-01-03 17:12:38 INFO  baseUiTest:52 - Starting test setup
2026-01-03 17:12:49 INFO  baseUiTest:70 - Closing browser
2026-01-03 17:12:50 INFO  baseUiTest:52 - Starting test setup
2026-01-03 17:12:58 INFO  baseUiTest:70 - Closing browser
2026-01-03 17:12:59 INFO  baseUiTest:52 - Starting test setup
2026-01-03 17:13:06 INFO  baseUiTest:70 - Closing browser
2026-01-03 17:31:31 INFO  baseUiTest:52 - Starting test setup
2026-01-03 17:31:43 INFO  baseUiTest:70 - Closing browser
2026-01-03 17:31:44 INFO  baseUiTest:52 - Starting test setup
2026-01-03 17:31:50 INFO  baseUiTest:70 - Closing browser
2026-01-03 17:31:50 INFO  baseUiTest:52 - Starting test setup
2026-01-03 17:31:56 INFO  baseUiTest:70 - Closing browser
2026-01-03 17:41:49 INFO  baseUiTest:52 - Starting test setup
2026-01-03 17:42:02 INFO  baseUiTest:70 - Closing browser
2026-01-03 17:42:03 INFO  baseUiTest:52 - Starting test setup
2026-01-03 17:42:11 INFO  baseUiTest:70 - Closing browser
2026-01-03 17:42:11 INFO  baseUiTest:52 - Starting test setup
2026-01-03 17:42:19 INFO  baseUiTest:70 - Closing browser
2026-01-04 16:04:46 INFO  baseUiTest:52 - Starting test setup
2026-01-04 16:05:04 INFO  Login:32 - Login test started
2026-01-04 16:05:20 INFO  baseUiTest:70 - Closing browser
2026-01-04 16:05:21 INFO  baseUiTest:52 - Starting test setup
2026-01-04 16:05:29 INFO  selectButtons:20 - selectButtons test started
2026-01-04 16:05:33 INFO  baseUiTest:70 - Closing browser
2026-01-04 16:05:33 INFO  baseUiTest:52 - Starting test setup
2026-01-04 16:05:40 INFO  FormFillUsingUIandAPI:29 - fillFormUsingJson test started
2026-01-04 16:05:49 INFO  FormFillUsingUIandAPI:52 - Form submitted successfully
2026-01-04 16:06:02 INFO  FormFillUsingUIandAPI:52 - Form submitted successfully
2026-01-04 16:06:04 INFO  baseUiTest:70 - Closing browser
2026-01-04 16:14:15 INFO  baseUiTest:52 - Starting test setup
2026-01-04 16:14:28 INFO  Login:31 - Login test started
2026-01-04 16:14:44 INFO  baseUiTest:70 - Closing browser
2026-01-04 16:14:45 INFO  baseUiTest:52 - Starting test setup
2026-01-04 16:14:51 INFO  selectButtons:20 - selectButtons test started
2026-01-04 16:14:55 INFO  baseUiTest:70 - Closing browser
2026-01-04 16:14:55 INFO  baseUiTest:52 - Starting test setup
2026-01-04 16:15:02 INFO  FormFillUsingUIandAPI:29 - fillFormUsingJson test started
2026-01-04 16:15:09 INFO  FormFillUsingUIandAPI:52 - Form submitted successfully
2026-01-04 16:15:24 INFO  FormFillUsingUIandAPI:52 - Form submitted successfully
2026-01-04 16:15:25 INFO  baseUiTest:70 - Closing browser
2026-01-04 16:24:24 INFO  baseUiTest:52 - Starting test setup
2026-01-04 16:24:36 INFO  Login:31 - Login test started
2026-01-04 16:24:48 INFO  baseUiTest:70 - Closing browser
2026-01-04 16:24:50 INFO  baseUiTest:52 - Starting test setup
2026-01-04 16:24:56 INFO  selectButtons:20 - selectButtons test started
2026-01-04 16:25:00 INFO  baseUiTest:70 - Closing browser
2026-01-04 16:25:00 INFO  baseUiTest:52 - Starting test setup
2026-01-04 16:25:06 INFO  FormFillUsingUIandAPI:29 - fillFormUsingJson test started
2026-01-04 16:25:13 INFO  FormFillUsingUIandAPI:52 - Form submitted successfully
2026-01-04 16:25:25 INFO  FormFillUsingUIandAPI:52 - Form submitted successfully
2026-01-04 16:25:27 INFO  baseUiTest:70 - Closing browser
2026-01-04 16:57:02 INFO  baseUiTest:52 - Starting test setup
2026-01-04 16:57:16 INFO  Login:31 - Login test started
2026-01-04 16:57:29 INFO  baseUiTest:70 - Closing browser
2026-01-04 16:57:30 INFO  baseUiTest:52 - Starting test setup
2026-01-04 16:57:40 INFO  selectButtons:20 - selectButtons test started
2026-01-04 16:57:44 INFO  baseUiTest:70 - Closing browser
2026-01-04 16:57:44 INFO  baseUiTest:52 - Starting test setup
2026-01-04 16:57:52 INFO  FormFillUsingUIandAPI:29 - fillFormUsingJson test started
2026-01-04 16:57:58 INFO  FormFillUsingUIandAPI:52 - Form submitted successfully
2026-01-04 16:58:13 INFO  FormFillUsingUIandAPI:52 - Form submitted successfully
2026-01-04 16:58:15 INFO  baseUiTest:70 - Closing browser
